<?xml version="1.0" encoding="UTF-8"?>
<testsuite xmlns:xsi="http://www.w3.org/2001/XMLSchema-instance" xsi:noNamespaceSchemaLocation="https://maven.apache.org/surefire/maven-surefire-plugin/xsd/surefire-test-report.xsd" name="com.cloudera.parserchains.queryservice.controller.ParserConfigControllerTest" time="4.045" tests="9" errors="0" skipped="0" failures="0">
  <properties>
[...]
</properties>
  <testcase name="creates_chain" classname="com.cloudera.parserchains.queryservice.controller.ParserConfigControllerTest" time="0.175"/>
  <testcase name="update_chain_by_nonexistent_id_returns_not_found" classname="com.cloudera.parserchains.queryservice.controller.ParserConfigControllerTest" time="0.007"/>
  <testcase name="returns_list_of_all_chains" classname="com.cloudera.parserchains.queryservice.controller.ParserConfigControllerTest" time="0.009"/>
  <testcase name="read_chain_by_id_returns_chain_config" classname="com.cloudera.parserchains.queryservice.controller.ParserConfigControllerTest" time="0.005"/>
  <testcase name="update_chain_by_id_returns_updated_chain_config" classname="com.cloudera.parserchains.queryservice.controller.ParserConfigControllerTest" time="0.006"/>
  <testcase name="deleting_nonexistent_chain_returns_not_found" classname="com.cloudera.parserchains.queryservice.controller.ParserConfigControllerTest" time="0.004"/>
  <testcase name="read_chain_by_nonexistent_id_returns_not_found" classname="com.cloudera.parserchains.queryservice.controller.ParserConfigControllerTest" time="0.005"/>
  <testcase name="deleting_existing_chain_succeeds" classname="com.cloudera.parserchains.queryservice.controller.ParserConfigControllerTest" time="0.004"/>
  <testcase name="returns_empty_list_when_no_chains" classname="com.cloudera.parserchains.queryservice.controller.ParserConfigControllerTest" time="0.004"/>
</testsuite>